# JRE version: OpenJDK Runtime Environment (11.0.10) (build 11.0.10+0-b96-7249189)
# Java VM: OpenJDK 64-Bit Server VM (11.0.10+0-b96-7249189, mixed mode, tiered, compressed oops, g1 gc, linux-amd64)
Heap:
 garbage-first heap   total 276480K, used 119407K [0x0000000080000000, 0x0000000100000000)
  region size 1024K, 29 young (29696K), 6 survivors (6144K)
 Metaspace       used 136420K, capacity 139541K, committed 140748K, reserved 1171456K
  class space    used 16323K, capacity 17425K, committed 17920K, reserved 1048576K
GC Heap History (20 events):
Event: 18149.489 GC heap before
{Heap before GC invocations=61 (full 2):
 garbage-first heap   total 286720K, used 229690K [0x0000000080000000, 0x0000000100000000)
  region size 1024K, 146 young (149504K), 3 survivors (3072K)
 Metaspace       used 135167K, capacity 138005K, committed 140236K, reserved 1171456K
  class space    used 16252K, capacity 17305K, committed 17920K, reserved 1048576K
}
Event: 18149.507 GC heap after
{Heap after GC invocations=62 (full 2):
 garbage-first heap   total 286720K, used 94263K [0x0000000080000000, 0x0000000100000000)
  region size 1024K, 13 young (13312K), 13 survivors (13312K)
 Metaspace       used 135167K, capacity 138005K, committed 140236K, reserved 1171456K
  class space    used 16252K, capacity 17305K, committed 17920K, reserved 1048576K
}
Event: 18149.991 GC heap before
{Heap before GC invocations=62 (full 2):
 garbage-first heap   total 286720K, used 227383K [0x0000000080000000, 0x0000000100000000)
  region size 1024K, 144 young (147456K), 13 survivors (13312K)
 Metaspace       used 135375K, capacity 138255K, committed 140236K, reserved 1171456K
  class space    used 16270K, capacity 17339K, committed 17920K, reserved 1048576K
}
Event: 18150.031 GC heap after
{Heap after GC invocations=63 (full 2):
 garbage-first heap   total 286720K, used 99028K [0x0000000080000000, 0x0000000100000000)
  region size 1024K, 6 young (6144K), 6 survivors (6144K)
 Metaspace       used 135375K, capacity 138255K, committed 140236K, reserved 1171456K
  class space    used 16270K, capacity 17339K, committed 17920K, reserved 1048576K
}
Event: 18160.814 GC heap before
{Heap before GC invocations=64 (full 2):
 garbage-first heap   total 286720K, used 230100K [0x0000000080000000, 0x0000000100000000)
  region size 1024K, 135 young (138240K), 6 survivors (6144K)
 Metaspace       used 135811K, capacity 138913K, committed 140236K, reserved 1171456K
  class space    used 16307K, capacity 17407K, committed 17920K, reserved 1048576K
}
Event: 18160.823 GC heap after
{Heap after GC invocations=65 (full 2):
 garbage-first heap   total 286720K, used 102026K [0x0000000080000000, 0x0000000100000000)
  region size 1024K, 9 young (9216K), 9 survivors (9216K)
 Metaspace       used 135811K, capacity 138913K, committed 140236K, reserved 1171456K
  class space    used 16307K, capacity 17407K, committed 17920K, reserved 1048576K
}
Event: 18161.110 GC heap before
{Heap before GC invocations=65 (full 2):
 garbage-first heap   total 286720K, used 153226K [0x0000000080000000, 0x0000000100000000)
  region size 1024K, 61 young (62464K), 9 survivors (9216K)
 Metaspace       used 136032K, capacity 139164K, committed 140236K, reserved 1171456K
  class space    used 16323K, capacity 17437K, committed 17920K, reserved 1048576K
}
Event: 18161.129 GC heap after
{Heap after GC invocations=66 (full 2):
 garbage-first heap   total 286720K, used 102996K [0x0000000080000000, 0x0000000100000000)
  region size 1024K, 10 young (10240K), 10 survivors (10240K)
 Metaspace       used 136032K, capacity 139164K, committed 140236K, reserved 1171456K
  class space    used 16323K, capacity 17437K, committed 17920K, reserved 1048576K
}
Event: 18229.268 GC heap before
{Heap before GC invocations=67 (full 2):
 garbage-first heap   total 286720K, used 247380K [0x0000000080000000, 0x0000000100000000)
  region size 1024K, 138 young (141312K), 10 survivors (10240K)
 Metaspace       used 136362K, capacity 139576K, committed 140492K, reserved 1171456K
  class space    used 16342K, capacity 17472K, committed 17920K, reserved 1048576K
}
Event: 18229.288 GC heap after
{Heap after GC invocations=68 (full 2):
 garbage-first heap   total 286720K, used 108983K [0x0000000080000000, 0x0000000100000000)
  region size 1024K, 16 young (16384K), 16 survivors (16384K)
 Metaspace       used 136362K, capacity 139576K, committed 140492K, reserved 1171456K
  class space    used 16342K, capacity 17472K, committed 17920K, reserved 1048576K
}
Event: 18229.606 GC heap before
{Heap before GC invocations=68 (full 2):
 garbage-first heap   total 286720K, used 231863K [0x0000000080000000, 0x0000000100000000)
  region size 1024K, 137 young (140288K), 16 survivors (16384K)
 Metaspace       used 136484K, capacity 139740K, committed 140492K, reserved 1171456K
  class space    used 16361K, capacity 17504K, committed 17920K, reserved 1048576K
}
Event: 18229.623 GC heap after
{Heap after GC invocations=69 (full 2):
 garbage-first heap   total 286720K, used 110873K [0x0000000080000000, 0x0000000100000000)
  region size 1024K, 12 young (12288K), 12 survivors (12288K)
 Metaspace       used 136484K, capacity 139740K, committed 140492K, reserved 1171456K
  class space    used 16361K, capacity 17504K, committed 17920K, reserved 1048576K
}
Event: 21051.292 GC heap before
{Heap before GC invocations=70 (full 2):
 garbage-first heap   total 286720K, used 235801K [0x0000000080000000, 0x0000000100000000)
  region size 1024K, 135 young (138240K), 12 survivors (12288K)
 Metaspace       used 136563K, capacity 139791K, committed 140492K, reserved 1171456K
  class space    used 16370K, capacity 17518K, committed 17920K, reserved 1048576K
}
Event: 21051.325 GC heap after
{Heap after GC invocations=71 (full 2):
 garbage-first heap   total 286720K, used 102574K [0x0000000080000000, 0x0000000100000000)
  region size 1024K, 2 young (2048K), 2 survivors (2048K)
 Metaspace       used 136563K, capacity 139791K, committed 140492K, reserved 1171456K
  class space    used 16370K, capacity 17518K, committed 17920K, reserved 1048576K
}
Event: 24651.339 GC heap before
{Heap before GC invocations=71 (full 2):
 garbage-first heap   total 286720K, used 179374K [0x0000000080000000, 0x0000000100000000)
  region size 1024K, 78 young (79872K), 2 survivors (2048K)
 Metaspace       used 136566K, capacity 139795K, committed 140492K, reserved 1171456K
  class space    used 16370K, capacity 17518K, committed 17920K, reserved 1048576K
}
Event: 24651.812 GC heap after
{Heap after GC invocations=72 (full 3):
 garbage-first heap   total 276480K, used 78715K [0x0000000080000000, 0x0000000100000000)
  region size 1024K, 0 young (0K), 0 survivors (0K)
 Metaspace       used 135933K, capacity 138804K, committed 140492K, reserved 1171456K
  class space    used 16253K, capacity 17308K, committed 17920K, reserved 1048576K
}
Event: 25297.189 GC heap before
{Heap before GC invocations=72 (full 3):
 garbage-first heap   total 276480K, used 223099K [0x0000000080000000, 0x0000000100000000)
  region size 1024K, 141 young (144384K), 0 survivors (0K)
 Metaspace       used 136284K, capacity 139393K, committed 140748K, reserved 1171456K
  class space    used 16314K, capacity 17411K, committed 17920K, reserved 1048576K
}
Event: 25297.207 GC heap after
{Heap after GC invocations=73 (full 3):
 garbage-first heap   total 276480K, used 89558K [0x0000000080000000, 0x0000000100000000)
  region size 1024K, 11 young (11264K), 11 survivors (11264K)
 Metaspace       used 136284K, capacity 139393K, committed 140748K, reserved 1171456K
  class space    used 16314K, capacity 17411K, committed 17920K, reserved 1048576K
}
Event: 25297.645 GC heap before
{Heap before GC invocations=73 (full 3):
 garbage-first heap   total 276480K, used 172502K [0x0000000080000000, 0x0000000100000000)
  region size 1024K, 94 young (96256K), 11 survivors (11264K)
 Metaspace       used 136396K, capacity 139541K, committed 140748K, reserved 1171456K
  class space    used 16322K, capacity 17425K, committed 17920K, reserved 1048576K
}
Event: 25297.680 GC heap after
{Heap after GC invocations=74 (full 3):
 garbage-first heap   total 276480K, used 94831K [0x0000000080000000, 0x0000000100000000)
  region size 1024K, 6 young (6144K), 6 survivors (6144K)
 Metaspace       used 136396K, capacity 139541K, committed 140748K, reserved 1171456K
  class space    used 16322K, capacity 17425K, committed 17920K, reserved 1048576K
}

